TpTrace Verbose: 0 : 3608, 1, 2024/08/09, 15:14:57.999, 716878259113, datacollector.dll, Version: 17.10.0-release-24203-04
TpTrace Information: 0 : 3608, 1, 2024/08/09, 15:14:58.009, 716878359701, datacollector.dll, DataCollectorMain.Run: Starting data collector run with args: --port,54899,--parentprocessid,12172,--diag,C:\Users\PC\Desktop\1-SeleniumIDE\2-SeleniumIDE\SeleniumIDE\bin\Debug\net6.0\fine-code-coverage\coverage-tool-output\diagnostics.datacollector.24-08-09_15-14-57_78568_5.log,--tracelevel,4
TpTrace Information: 0 : 3608, 1, 2024/08/09, 15:14:58.009, 716878361816, datacollector.dll, DataCollector: Monitoring parent process with id: '12172'
TpTrace Information: 0 : 3608, 1, 2024/08/09, 15:14:58.024, 716878510926, datacollector.dll, Trying to connect to server on socket : 127.0.0.1:54899 
TpTrace Verbose: 0 : 3608, 1, 2024/08/09, 15:14:58.040, 716878670580, datacollector.dll, SocketCommunicationManager : SetupClientAsync : Attempting to connect to the server.
TpTrace Information: 0 : 3608, 8, 2024/08/09, 15:14:58.055, 716878817398, datacollector.dll, Connected to the server successfully 
TpTrace Information: 0 : 3608, 8, 2024/08/09, 15:14:58.055, 716878819642, datacollector.dll, Using the buffer size of 16384 bytes
TpTrace Information: 0 : 3608, 1, 2024/08/09, 15:14:58.182, 716880088379, datacollector.dll, DataCollector: Start Request Processing.
TpTrace Verbose: 0 : 3608, 1, 2024/08/09, 15:14:58.182, 716880092951, datacollector.dll, SocketCommunicationManager.WaitForServerConnection took: 0 ms, with 90000 ms timeout, and finished with True.
TpTrace Information: 0 : 3608, 1, 2024/08/09, 15:14:58.183, 716880103233, datacollector.dll, DataCollectionRequestHandler.ProcessRequests: Datacollector received message: (DataCollection.BeforeTestRunStart) -> {"MessageType":"DataCollection.BeforeTestRunStart","Payload":{"SettingsXml":"<RunSettings><RunConfiguration><ResultsDirectory>C:\\Users\\PC\\Desktop\\1-SeleniumIDE\\2-SeleniumIDE\\SeleniumIDE\\bin\\Debug\\net6.0\\fine-code-coverage\\coverage-tool-output</ResultsDirectory><TargetPlatform>X64</TargetPlatform><TargetFrameworkVersion>.NETCoreApp,Version=v6.0</TargetFrameworkVersion><DesignMode>False</DesignMode><CollectSourceInformation>False</CollectSourceInformation><TestAdaptersPaths>C:\\Program Files\\dotnet\\sdk\\8.0.300\\Extensions</TestAdaptersPaths></RunConfiguration><LoggerRunSettings><Loggers><Logger friendlyName=\"blame\" enabled=\"True\" /><Logger friendlyName=\"Console\" uri=\"logger://microsoft/TestPlatform/ConsoleLogger/v1\" assemblyQualifiedName=\"Microsoft.VisualStudio.TestPlatform.CommandLine.Internal.ConsoleLogger, vstest.console, Version=15.0.0.0, Culture=neutral, PublicKeyToken=b03f5f7f11d50a3a\" codeBase=\"C:\\Program Files\\dotnet\\sdk\\8.0.300\\vstest.console.dll\" enabled=\"True\" /></Loggers></LoggerRunSettings><DataCollectionRunSettings><DataCollectors><DataCollector friendlyName=\"blame\" enabled=\"True\"><Configuration><ResultsDirectory>C:\\Users\\PC\\Desktop\\1-SeleniumIDE\\2-SeleniumIDE\\SeleniumIDE\\bin\\Debug\\net6.0\\fine-code-coverage\\coverage-tool-output</ResultsDirectory></Configuration></DataCollector></DataCollectors></DataCollectionRunSettings></RunSettings>","Sources":["C:\\Users\\PC\\Desktop\\1-SeleniumIDE\\2-SeleniumIDE\\SeleniumIDE\\bin\\Debug\\net6.0\\fine-code-coverage\\build-output\\SeleniumIde.dll"],"IsTelemetryOptedIn":false}}
TpTrace Verbose: 0 : 3608, 1, 2024/08/09, 15:14:58.290, 716881169439, datacollector.dll, TestPluginCache: Update extensions started. Skip filter = False
TpTrace Verbose: 0 : 3608, 1, 2024/08/09, 15:14:58.292, 716881187656, datacollector.dll, TestPluginCache: Using directories for assembly resolution 'C:\Program Files\dotnet\sdk\8.0.300\Extensions'.
TpTrace Verbose: 0 : 3608, 1, 2024/08/09, 15:14:58.292, 716881189188, datacollector.dll, TestPluginCache: Updated the available extensions to 'C:\Program Files\dotnet\sdk\8.0.300\Extensions\Microsoft.TestPlatform.Extensions.BlameDataCollector.dll,C:\Program Files\dotnet\sdk\8.0.300\Extensions\Microsoft.TestPlatform.Extensions.EventLogCollector.dll'.
TpTrace Verbose: 0 : 3608, 1, 2024/08/09, 15:14:58.300, 716881271232, datacollector.dll, TestPluginCache.DiscoverTestExtensions: finding test extensions in assemblies ends with: Collector.dll TPluginInfo: Microsoft.VisualStudio.TestPlatform.Common.DataCollector.DataCollectorConfig TExtension: Microsoft.VisualStudio.TestPlatform.ObjectModel.DataCollection.DataCollector
TpTrace Verbose: 0 : 3608, 1, 2024/08/09, 15:14:58.302, 716881290648, datacollector.dll, TestPluginCache.GetExtensionPaths: Filtered extension paths: C:\Program Files\dotnet\sdk\8.0.300\Extensions\Microsoft.TestPlatform.Extensions.BlameDataCollector.dll
C:\Program Files\dotnet\sdk\8.0.300\Extensions\Microsoft.TestPlatform.Extensions.EventLogCollector.dll
TpTrace Verbose: 0 : 3608, 1, 2024/08/09, 15:14:58.302, 716881292089, datacollector.dll, TestPluginCache.GetExtensionPaths: Added default extension paths: 
TpTrace Verbose: 0 : 3608, 1, 2024/08/09, 15:14:58.302, 716881293040, datacollector.dll, TestPluginCache.GetExtensionPaths: Added unfilterableExtensionPaths: 
TpTrace Information: 0 : 3608, 1, 2024/08/09, 15:14:58.303, 716881301794, datacollector.dll, AssemblyResolver.ctor: Creating AssemblyResolver with searchDirectories C:\Program Files\dotnet\sdk\8.0.300\Extensions,C:\Program Files\dotnet\sdk\8.0.300
TpTrace Verbose: 0 : 3608, 1, 2024/08/09, 15:14:58.305, 716881323374, datacollector.dll, TestPluginCache.DiscoverTestExtensions: Discovering the extensions using extension path.
TpTrace Verbose: 0 : 3608, 1, 2024/08/09, 15:14:58.305, 716881326962, datacollector.dll, TestPluginCache.GetExtensionPaths: Filtered extension paths: C:\Program Files\dotnet\sdk\8.0.300\Extensions\Microsoft.TestPlatform.Extensions.BlameDataCollector.dll
C:\Program Files\dotnet\sdk\8.0.300\Extensions\Microsoft.TestPlatform.Extensions.EventLogCollector.dll
TpTrace Verbose: 0 : 3608, 1, 2024/08/09, 15:14:58.306, 716881327993, datacollector.dll, TestPluginCache.GetExtensionPaths: Added default extension paths: 
TpTrace Verbose: 0 : 3608, 1, 2024/08/09, 15:14:58.306, 716881328673, datacollector.dll, TestPluginCache.GetExtensionPaths: Added unfilterableExtensionPaths: 
TpTrace Verbose: 0 : 3608, 1, 2024/08/09, 15:14:58.306, 716881329717, datacollector.dll, TestPluginCache.DiscoverTestExtensions: Discovering the extensions using allExtensionPaths: C:\Program Files\dotnet\sdk\8.0.300\Extensions\Microsoft.TestPlatform.Extensions.BlameDataCollector.dll
C:\Program Files\dotnet\sdk\8.0.300\Extensions\Microsoft.TestPlatform.Extensions.EventLogCollector.dll
TpTrace Information: 0 : 3608, 1, 2024/08/09, 15:14:58.306, 716881331663, datacollector.dll, AssemblyResolver.AddSearchDirectories: Adding more searchDirectories C:\Program Files\dotnet\sdk\8.0.300\Extensions,C:\Program Files\dotnet\sdk\8.0.300
TpTrace Information: 0 : 3608, 1, 2024/08/09, 15:14:58.306, 716881332888, datacollector.dll, AssemblyResolver.AddSearchDirectories: Adding more searchDirectories C:\Program Files\dotnet\sdk\8.0.300\Extensions,C:\Program Files\dotnet\sdk\8.0.300
TpTrace Information: 0 : 3608, 1, 2024/08/09, 15:14:58.307, 716881340497, datacollector.dll, AssemblyResolver.OnResolve: Microsoft.TestPlatform.Extensions.BlameDataCollector: Resolving assembly.
TpTrace Information: 0 : 3608, 1, 2024/08/09, 15:14:58.307, 716881341904, datacollector.dll, AssemblyResolver.OnResolve: Microsoft.TestPlatform.Extensions.BlameDataCollector: Searching in: 'C:\Program Files\dotnet\sdk\8.0.300\Extensions'.
TpTrace Information: 0 : 3608, 1, 2024/08/09, 15:14:58.324, 716881514390, datacollector.dll, AssemblyResolver.OnResolve: Microsoft.TestPlatform.Extensions.BlameDataCollector: Loading assembly 'C:\Program Files\dotnet\sdk\8.0.300\Extensions\Microsoft.TestPlatform.Extensions.BlameDataCollector.dll'.
TpTrace Information: 0 : 3608, 1, 2024/08/09, 15:14:58.326, 716881528876, datacollector.dll, AssemblyResolver.OnResolve: Resolved assembly: Microsoft.TestPlatform.Extensions.BlameDataCollector, from path: C:\Program Files\dotnet\sdk\8.0.300\Extensions\Microsoft.TestPlatform.Extensions.BlameDataCollector.dll
TpTrace Verbose: 0 : 3608, 1, 2024/08/09, 15:14:58.333, 716881605949, datacollector.dll, MetadataReaderExtensionsHelper: Discovering extensions inside assembly 'Microsoft.TestPlatform.Extensions.BlameDataCollector, Version=15.0.0.0, Culture=neutral, PublicKeyToken=b03f5f7f11d50a3a' file path 'C:\Program Files\dotnet\sdk\8.0.300\Extensions\Microsoft.TestPlatform.Extensions.BlameDataCollector.dll'
TpTrace Error: 0 : 3608, 1, 2024/08/09, 15:14:58.338, 716881653924, datacollector.dll, The type "Microsoft.TestPlatform.Extensions.BlameDataCollector.BlameCollector" defined in "Microsoft.TestPlatform.Extensions.BlameDataCollector.dll" does not have ExtensionUri attribute.
TpTrace Information: 0 : 3608, 1, 2024/08/09, 15:14:58.343, 716881702001, datacollector.dll, GetTestExtensionFromType: Register extension with identifier data 'datacollector://microsoft/TestPlatform/Extensions/Blame/v1' and type 'Microsoft.TestPlatform.Extensions.BlameDataCollector.BlameCollector, Microsoft.TestPlatform.Extensions.BlameDataCollector, Version=15.0.0.0, Culture=neutral, PublicKeyToken=b03f5f7f11d50a3a' inside file 'C:\Program Files\dotnet\sdk\8.0.300\Extensions\Microsoft.TestPlatform.Extensions.BlameDataCollector.dll'
TpTrace Information: 0 : 3608, 1, 2024/08/09, 15:14:58.343, 716881704511, datacollector.dll, AssemblyResolver.OnResolve: Microsoft.TestPlatform.Extensions.EventLogCollector: Resolving assembly.
TpTrace Information: 0 : 3608, 1, 2024/08/09, 15:14:58.343, 716881706314, datacollector.dll, AssemblyResolver.OnResolve: Microsoft.TestPlatform.Extensions.EventLogCollector: Searching in: 'C:\Program Files\dotnet\sdk\8.0.300\Extensions'.
TpTrace Information: 0 : 3608, 1, 2024/08/09, 15:14:58.345, 716881717622, datacollector.dll, AssemblyResolver.OnResolve: Microsoft.TestPlatform.Extensions.EventLogCollector: Loading assembly 'C:\Program Files\dotnet\sdk\8.0.300\Extensions\Microsoft.TestPlatform.Extensions.EventLogCollector.dll'.
TpTrace Information: 0 : 3608, 1, 2024/08/09, 15:14:58.346, 716881727817, datacollector.dll, AssemblyResolver.OnResolve: Resolved assembly: Microsoft.TestPlatform.Extensions.EventLogCollector, from path: C:\Program Files\dotnet\sdk\8.0.300\Extensions\Microsoft.TestPlatform.Extensions.EventLogCollector.dll
TpTrace Verbose: 0 : 3608, 1, 2024/08/09, 15:14:58.346, 716881729749, datacollector.dll, MetadataReaderExtensionsHelper: Discovering extensions inside assembly 'Microsoft.TestPlatform.Extensions.EventLogCollector, Version=15.0.0.0, Culture=neutral, PublicKeyToken=b03f5f7f11d50a3a' file path 'C:\Program Files\dotnet\sdk\8.0.300\Extensions\Microsoft.TestPlatform.Extensions.EventLogCollector.dll'
TpTrace Error: 0 : 3608, 1, 2024/08/09, 15:14:58.351, 716881781562, datacollector.dll, The type "Microsoft.TestPlatform.Extensions.EventLogCollector.EventLogDataCollector" defined in "Microsoft.TestPlatform.Extensions.EventLogCollector.dll" does not have ExtensionUri attribute.
TpTrace Information: 0 : 3608, 1, 2024/08/09, 15:14:58.351, 716881786085, datacollector.dll, GetTestExtensionFromType: Register extension with identifier data 'datacollector://microsoft/EventLog/2.0' and type 'Microsoft.TestPlatform.Extensions.EventLogCollector.EventLogDataCollector, Microsoft.TestPlatform.Extensions.EventLogCollector, Version=15.0.0.0, Culture=neutral, PublicKeyToken=b03f5f7f11d50a3a' inside file 'C:\Program Files\dotnet\sdk\8.0.300\Extensions\Microsoft.TestPlatform.Extensions.EventLogCollector.dll'
TpTrace Verbose: 0 : 3608, 1, 2024/08/09, 15:14:58.352, 716881789968, datacollector.dll, TestPluginCache: Discovered the extensions using extension path 'C:\Program Files\dotnet\sdk\8.0.300\Extensions\Microsoft.TestPlatform.Extensions.BlameDataCollector.dll,C:\Program Files\dotnet\sdk\8.0.300\Extensions\Microsoft.TestPlatform.Extensions.EventLogCollector.dll'.
TpTrace Verbose: 0 : 3608, 1, 2024/08/09, 15:14:58.352, 716881791031, datacollector.dll, TestPluginCache: Discoverers are ''.
TpTrace Verbose: 0 : 3608, 1, 2024/08/09, 15:14:58.352, 716881791698, datacollector.dll, TestPluginCache: Executors are ''.
TpTrace Verbose: 0 : 3608, 1, 2024/08/09, 15:14:58.352, 716881792463, datacollector.dll, TestPluginCache: Executors2 are ''.
TpTrace Verbose: 0 : 3608, 1, 2024/08/09, 15:14:58.353, 716881797342, datacollector.dll, TestPluginCache: Setting providers are ''.
TpTrace Verbose: 0 : 3608, 1, 2024/08/09, 15:14:58.353, 716881798654, datacollector.dll, TestPluginCache: Loggers are ''.
TpTrace Verbose: 0 : 3608, 1, 2024/08/09, 15:14:58.353, 716881799687, datacollector.dll, TestPluginCache: TestHosts are ''.
TpTrace Verbose: 0 : 3608, 1, 2024/08/09, 15:14:58.353, 716881804244, datacollector.dll, TestPluginCache: DataCollectors are 'datacollector://microsoft/TestPlatform/Extensions/Blame/v1,datacollector://microsoft/EventLog/2.0'.
TpTrace Information: 0 : 3608, 1, 2024/08/09, 15:14:58.356, 716881831840, datacollector.dll, TestPluginManager.CreateTestExtension: Attempting to load test extension: Microsoft.TestPlatform.Extensions.BlameDataCollector.BlameCollector
TpTrace Information: 0 : 3608, 1, 2024/08/09, 15:14:58.362, 716881890149, datacollector.dll, [MonitorPostmortemDump]Monitor enabled: 'False'
TpTrace Verbose: 0 : 3608, 1, 2024/08/09, 15:14:58.363, 716881901453, datacollector.dll, MulticastDelegateUtilities.SafeInvoke: DataCollectionEvents.SessionStart: Invoking callbacks was skipped because there are no subscribers.
TpTrace Information: 0 : 3608, 1, 2024/08/09, 15:14:58.364, 716881909812, datacollector.dll, Listening on Endpoint : 127.0.0.1:54901
TpTrace Information: 0 : 3608, 1, 2024/08/09, 15:14:58.375, 716882021104, datacollector.dll, DataCollectionRequestHandler.ProcessRequests : DataCollection started.
TpTrace Information: 0 : 3608, 1, 2024/08/09, 15:14:58.396, 716882229924, datacollector.dll, DataCollectionRequestHandler.ProcessRequests: Datacollector received message: (DataCollection.TestHostLaunched) -> {"MessageType":"DataCollection.TestHostLaunched","Payload":{"ProcessId":3612}}
TpTrace Verbose: 0 : 3608, 1, 2024/08/09, 15:14:58.400, 716882269770, datacollector.dll, MulticastDelegateUtilities.SafeInvoke: DataCollectionEvents.TestHostLaunched: Invoking callback 1/1 for Microsoft.TestPlatform.Extensions.BlameDataCollector.BlameCollector., took 1 ms.
TpTrace Verbose: 0 : 3608, 8, 2024/08/09, 15:14:58.680, 716885072486, datacollector.dll, SocketCommunicationManager.WaitForClientConnection took: 311 ms, with 90000 ms timeout, and finished with True.
TpTrace Information: 0 : 3608, 6, 2024/08/09, 15:14:58.680, 716885077283, datacollector.dll, Using the buffer size of 16384 bytes
TpTrace Information: 0 : 3608, 6, 2024/08/09, 15:14:58.681, 716885079033, datacollector.dll, Accepted Client request and set the flag
TpTrace Information: 0 : 3608, 8, 2024/08/09, 15:14:59.744, 716895709779, datacollector.dll, DataCollectionTestCaseEventHandler: Test case starting.
TpTrace Information: 0 : 3608, 8, 2024/08/09, 15:14:59.769, 716895957684, datacollector.dll, BlameCollector.EventsTestCaseStart: Test Case Start
TpTrace Verbose: 0 : 3608, 8, 2024/08/09, 15:14:59.769, 716895963752, datacollector.dll, MulticastDelegateUtilities.SafeInvoke: DataCollectionEvents.TestCaseStart: Invoking callback 1/1 for Microsoft.TestPlatform.Extensions.BlameDataCollector.BlameCollector., took 0 ms.
TpTrace Information: 0 : 3608, 8, 2024/08/09, 15:14:59.770, 716895968913, datacollector.dll, DataCollectionTestCaseEventHandler: Test case 'tC01IfUserIsInvalidTryAgain - 4887b2d6-3458-8ba3-ea1b-7f89025ff9e0' started.
TpTrace Information: 0 : 3608, 8, 2024/08/09, 15:15:03.594, 716934207596, datacollector.dll, DataCollectionTestCaseEventHandler: Test case completing.
TpTrace Information: 0 : 3608, 8, 2024/08/09, 15:15:03.600, 716934276666, datacollector.dll, BlameCollector.EventsTestCaseEnd: Test Case End
TpTrace Verbose: 0 : 3608, 8, 2024/08/09, 15:15:03.601, 716934280651, datacollector.dll, MulticastDelegateUtilities.SafeInvoke: DataCollectionEvents.TestCaseEnd: Invoking callback 1/1 for Microsoft.TestPlatform.Extensions.BlameDataCollector.BlameCollector., took 0 ms.
TpTrace Information: 0 : 3608, 8, 2024/08/09, 15:15:03.604, 716934311902, datacollector.dll, DataCollectionTestCaseEventHandler: Test case 'tC01IfUserIsInvalidTryAgain - 4887b2d6-3458-8ba3-ea1b-7f89025ff9e0' completed
TpTrace Information: 0 : 3608, 8, 2024/08/09, 15:15:03.638, 716934656914, datacollector.dll, DataCollectionTestCaseEventHandler: Test session ended
TpTrace Information: 0 : 3608, 1, 2024/08/09, 15:15:03.754, 716935809495, datacollector.dll, DataCollectionRequestHandler.ProcessRequests: Datacollector received message: (DataCollection.AfterTestRunEnd) -> {"MessageType":"DataCollection.AfterTestRunEnd","Payload":false}
TpTrace Information: 0 : 3608, 1, 2024/08/09, 15:15:03.755, 716935822062, datacollector.dll, Blame Collector: Session End
TpTrace Information: 0 : 3608, 1, 2024/08/09, 15:15:03.755, 716935823332, datacollector.dll, BlameCollector.CollectDumpAndAbortTesthost: Custom path to dump directory was provided via VSTEST_DUMP_PATH. Skipping attachment upload, the caller is responsible for collecting and uploading the dumps themselves.
TpTrace Verbose: 0 : 3608, 1, 2024/08/09, 15:15:03.755, 716935824770, datacollector.dll, MulticastDelegateUtilities.SafeInvoke: DataCollectionEvents.SessionEnd: Invoking callback 1/1 for Microsoft.TestPlatform.Extensions.BlameDataCollector.BlameCollector., took 0 ms.
TpTrace Information: 0 : 3608, 1, 2024/08/09, 15:15:03.757, 716935840233, datacollector.dll, DataCollectionManager.CleanupPlugins: CleanupPlugins called
TpTrace Verbose: 0 : 3608, 1, 2024/08/09, 15:15:03.757, 716935841705, datacollector.dll, DataCollectionManager.CleanupPlugins: Cleaning up 1 plugins
TpTrace Verbose: 0 : 3608, 1, 2024/08/09, 15:15:03.757, 716935843497, datacollector.dll, dataCollectorInfo.DisposeDataCollector: calling Dispose() on Microsoft.TestPlatform.Extensions.BlameDataCollector.BlameCollector
TpTrace Information: 0 : 3608, 1, 2024/08/09, 15:15:03.757, 716935844965, datacollector.dll, DataCollectionManager.CleanupPlugins: CleanupPlugins finished
TpTrace Information: 0 : 3608, 1, 2024/08/09, 15:15:03.764, 716935910300, datacollector.dll, DataCollectionRequestHandler.ProcessRequests : Session End message received from server. Closing the connection.
TpTrace Information: 0 : 3608, 1, 2024/08/09, 15:15:03.764, 716935915092, datacollector.dll, Closing the connection !
TpTrace Information: 0 : 3608, 1, 2024/08/09, 15:15:03.764, 716935916589, datacollector.dll, DataCollectionRequestHandler.ProcessRequests : DataCollection completed
TpTrace Information: 0 : 3608, 1, 2024/08/09, 15:15:03.765, 716935917885, datacollector.dll, Program.Main: exiting datacollector process.
