TpTrace Verbose: 0 : 21588, 1, 2024/08/08, 11:03:58.543, 20376415413487, datacollector.dll, Version: 17.10.0-release-24203-04
TpTrace Information: 0 : 21588, 1, 2024/08/08, 11:03:58.553, 20376415508113, datacollector.dll, DataCollectorMain.Run: Starting data collector run with args: --port,52985,--parentprocessid,16184,--diag,C:\Users\PC\Desktop\1-SeleniumIDE\2-SeleniumIDE\SeleniumIDE\bin\Debug\net6.0\fine-code-coverage\coverage-tool-output\diagnostics.datacollector.24-08-08_11-03-58_33720_5.log,--tracelevel,4
TpTrace Information: 0 : 21588, 1, 2024/08/08, 11:03:58.553, 20376415509946, datacollector.dll, DataCollector: Monitoring parent process with id: '16184'
TpTrace Information: 0 : 21588, 1, 2024/08/08, 11:03:58.566, 20376415638457, datacollector.dll, Trying to connect to server on socket : 127.0.0.1:52985 
TpTrace Verbose: 0 : 21588, 1, 2024/08/08, 11:03:58.581, 20376415784718, datacollector.dll, SocketCommunicationManager : SetupClientAsync : Attempting to connect to the server.
TpTrace Information: 0 : 21588, 8, 2024/08/08, 11:03:58.595, 20376415926682, datacollector.dll, Connected to the server successfully 
TpTrace Information: 0 : 21588, 8, 2024/08/08, 11:03:58.595, 20376415929175, datacollector.dll, Using the buffer size of 16384 bytes
TpTrace Information: 0 : 21588, 1, 2024/08/08, 11:03:58.700, 20376416980530, datacollector.dll, DataCollector: Start Request Processing.
TpTrace Verbose: 0 : 21588, 1, 2024/08/08, 11:03:58.700, 20376416983520, datacollector.dll, SocketCommunicationManager.WaitForServerConnection took: 0 ms, with 90000 ms timeout, and finished with True.
TpTrace Information: 0 : 21588, 1, 2024/08/08, 11:03:58.701, 20376416987680, datacollector.dll, DataCollectionRequestHandler.ProcessRequests: Datacollector received message: (DataCollection.BeforeTestRunStart) -> {"MessageType":"DataCollection.BeforeTestRunStart","Payload":{"SettingsXml":"<RunSettings><RunConfiguration><ResultsDirectory>C:\\Users\\PC\\Desktop\\1-SeleniumIDE\\2-SeleniumIDE\\SeleniumIDE\\bin\\Debug\\net6.0\\fine-code-coverage\\coverage-tool-output</ResultsDirectory><TargetPlatform>X64</TargetPlatform><TargetFrameworkVersion>.NETCoreApp,Version=v6.0</TargetFrameworkVersion><DesignMode>False</DesignMode><CollectSourceInformation>False</CollectSourceInformation><TestAdaptersPaths>C:\\Program Files\\dotnet\\sdk\\8.0.300\\Extensions</TestAdaptersPaths></RunConfiguration><LoggerRunSettings><Loggers><Logger friendlyName=\"blame\" enabled=\"True\" /><Logger friendlyName=\"Console\" uri=\"logger://microsoft/TestPlatform/ConsoleLogger/v1\" assemblyQualifiedName=\"Microsoft.VisualStudio.TestPlatform.CommandLine.Internal.ConsoleLogger, vstest.console, Version=15.0.0.0, Culture=neutral, PublicKeyToken=b03f5f7f11d50a3a\" codeBase=\"C:\\Program Files\\dotnet\\sdk\\8.0.300\\vstest.console.dll\" enabled=\"True\" /></Loggers></LoggerRunSettings><DataCollectionRunSettings><DataCollectors><DataCollector friendlyName=\"blame\" enabled=\"True\"><Configuration><ResultsDirectory>C:\\Users\\PC\\Desktop\\1-SeleniumIDE\\2-SeleniumIDE\\SeleniumIDE\\bin\\Debug\\net6.0\\fine-code-coverage\\coverage-tool-output</ResultsDirectory></Configuration></DataCollector></DataCollectors></DataCollectionRunSettings></RunSettings>","Sources":["C:\\Users\\PC\\Desktop\\1-SeleniumIDE\\2-SeleniumIDE\\SeleniumIDE\\bin\\Debug\\net6.0\\fine-code-coverage\\build-output\\SeleniumIde.dll"],"IsTelemetryOptedIn":false}}
TpTrace Verbose: 0 : 21588, 1, 2024/08/08, 11:03:58.761, 20376417593765, datacollector.dll, TestPluginCache: Update extensions started. Skip filter = False
TpTrace Verbose: 0 : 21588, 1, 2024/08/08, 11:03:58.763, 20376417604870, datacollector.dll, TestPluginCache: Using directories for assembly resolution 'C:\Program Files\dotnet\sdk\8.0.300\Extensions'.
TpTrace Verbose: 0 : 21588, 1, 2024/08/08, 11:03:58.763, 20376417606243, datacollector.dll, TestPluginCache: Updated the available extensions to 'C:\Program Files\dotnet\sdk\8.0.300\Extensions\Microsoft.TestPlatform.Extensions.BlameDataCollector.dll,C:\Program Files\dotnet\sdk\8.0.300\Extensions\Microsoft.TestPlatform.Extensions.EventLogCollector.dll'.
TpTrace Verbose: 0 : 21588, 1, 2024/08/08, 11:03:58.770, 20376417675716, datacollector.dll, TestPluginCache.DiscoverTestExtensions: finding test extensions in assemblies ends with: Collector.dll TPluginInfo: Microsoft.VisualStudio.TestPlatform.Common.DataCollector.DataCollectorConfig TExtension: Microsoft.VisualStudio.TestPlatform.ObjectModel.DataCollection.DataCollector
TpTrace Verbose: 0 : 21588, 1, 2024/08/08, 11:03:58.772, 20376417695177, datacollector.dll, TestPluginCache.GetExtensionPaths: Filtered extension paths: C:\Program Files\dotnet\sdk\8.0.300\Extensions\Microsoft.TestPlatform.Extensions.BlameDataCollector.dll
C:\Program Files\dotnet\sdk\8.0.300\Extensions\Microsoft.TestPlatform.Extensions.EventLogCollector.dll
TpTrace Verbose: 0 : 21588, 1, 2024/08/08, 11:03:58.772, 20376417696913, datacollector.dll, TestPluginCache.GetExtensionPaths: Added default extension paths: 
TpTrace Verbose: 0 : 21588, 1, 2024/08/08, 11:03:58.772, 20376417697653, datacollector.dll, TestPluginCache.GetExtensionPaths: Added unfilterableExtensionPaths: 
TpTrace Information: 0 : 21588, 1, 2024/08/08, 11:03:58.773, 20376417706169, datacollector.dll, AssemblyResolver.ctor: Creating AssemblyResolver with searchDirectories C:\Program Files\dotnet\sdk\8.0.300\Extensions,C:\Program Files\dotnet\sdk\8.0.300
TpTrace Verbose: 0 : 21588, 1, 2024/08/08, 11:03:58.775, 20376417728084, datacollector.dll, TestPluginCache.DiscoverTestExtensions: Discovering the extensions using extension path.
TpTrace Verbose: 0 : 21588, 1, 2024/08/08, 11:03:58.775, 20376417731232, datacollector.dll, TestPluginCache.GetExtensionPaths: Filtered extension paths: C:\Program Files\dotnet\sdk\8.0.300\Extensions\Microsoft.TestPlatform.Extensions.BlameDataCollector.dll
C:\Program Files\dotnet\sdk\8.0.300\Extensions\Microsoft.TestPlatform.Extensions.EventLogCollector.dll
TpTrace Verbose: 0 : 21588, 1, 2024/08/08, 11:03:58.775, 20376417732235, datacollector.dll, TestPluginCache.GetExtensionPaths: Added default extension paths: 
TpTrace Verbose: 0 : 21588, 1, 2024/08/08, 11:03:58.775, 20376417732890, datacollector.dll, TestPluginCache.GetExtensionPaths: Added unfilterableExtensionPaths: 
TpTrace Verbose: 0 : 21588, 1, 2024/08/08, 11:03:58.776, 20376417733908, datacollector.dll, TestPluginCache.DiscoverTestExtensions: Discovering the extensions using allExtensionPaths: C:\Program Files\dotnet\sdk\8.0.300\Extensions\Microsoft.TestPlatform.Extensions.BlameDataCollector.dll
C:\Program Files\dotnet\sdk\8.0.300\Extensions\Microsoft.TestPlatform.Extensions.EventLogCollector.dll
TpTrace Information: 0 : 21588, 1, 2024/08/08, 11:03:58.776, 20376417736062, datacollector.dll, AssemblyResolver.AddSearchDirectories: Adding more searchDirectories C:\Program Files\dotnet\sdk\8.0.300\Extensions,C:\Program Files\dotnet\sdk\8.0.300
TpTrace Information: 0 : 21588, 1, 2024/08/08, 11:03:58.776, 20376417737199, datacollector.dll, AssemblyResolver.AddSearchDirectories: Adding more searchDirectories C:\Program Files\dotnet\sdk\8.0.300\Extensions,C:\Program Files\dotnet\sdk\8.0.300
TpTrace Information: 0 : 21588, 1, 2024/08/08, 11:03:58.777, 20376417744633, datacollector.dll, AssemblyResolver.OnResolve: Microsoft.TestPlatform.Extensions.BlameDataCollector: Resolving assembly.
TpTrace Information: 0 : 21588, 1, 2024/08/08, 11:03:58.777, 20376417746477, datacollector.dll, AssemblyResolver.OnResolve: Microsoft.TestPlatform.Extensions.BlameDataCollector: Searching in: 'C:\Program Files\dotnet\sdk\8.0.300\Extensions'.
TpTrace Information: 0 : 21588, 1, 2024/08/08, 11:03:58.790, 20376417878520, datacollector.dll, AssemblyResolver.OnResolve: Microsoft.TestPlatform.Extensions.BlameDataCollector: Loading assembly 'C:\Program Files\dotnet\sdk\8.0.300\Extensions\Microsoft.TestPlatform.Extensions.BlameDataCollector.dll'.
TpTrace Information: 0 : 21588, 1, 2024/08/08, 11:03:58.791, 20376417890447, datacollector.dll, AssemblyResolver.OnResolve: Resolved assembly: Microsoft.TestPlatform.Extensions.BlameDataCollector, from path: C:\Program Files\dotnet\sdk\8.0.300\Extensions\Microsoft.TestPlatform.Extensions.BlameDataCollector.dll
TpTrace Verbose: 0 : 21588, 1, 2024/08/08, 11:03:58.798, 20376417960401, datacollector.dll, MetadataReaderExtensionsHelper: Discovering extensions inside assembly 'Microsoft.TestPlatform.Extensions.BlameDataCollector, Version=15.0.0.0, Culture=neutral, PublicKeyToken=b03f5f7f11d50a3a' file path 'C:\Program Files\dotnet\sdk\8.0.300\Extensions\Microsoft.TestPlatform.Extensions.BlameDataCollector.dll'
TpTrace Error: 0 : 21588, 1, 2024/08/08, 11:03:58.802, 20376418002111, datacollector.dll, The type "Microsoft.TestPlatform.Extensions.BlameDataCollector.BlameCollector" defined in "Microsoft.TestPlatform.Extensions.BlameDataCollector.dll" does not have ExtensionUri attribute.
TpTrace Information: 0 : 21588, 1, 2024/08/08, 11:03:58.806, 20376418041428, datacollector.dll, GetTestExtensionFromType: Register extension with identifier data 'datacollector://microsoft/TestPlatform/Extensions/Blame/v1' and type 'Microsoft.TestPlatform.Extensions.BlameDataCollector.BlameCollector, Microsoft.TestPlatform.Extensions.BlameDataCollector, Version=15.0.0.0, Culture=neutral, PublicKeyToken=b03f5f7f11d50a3a' inside file 'C:\Program Files\dotnet\sdk\8.0.300\Extensions\Microsoft.TestPlatform.Extensions.BlameDataCollector.dll'
TpTrace Information: 0 : 21588, 1, 2024/08/08, 11:03:58.807, 20376418043820, datacollector.dll, AssemblyResolver.OnResolve: Microsoft.TestPlatform.Extensions.EventLogCollector: Resolving assembly.
TpTrace Information: 0 : 21588, 1, 2024/08/08, 11:03:58.807, 20376418044649, datacollector.dll, AssemblyResolver.OnResolve: Microsoft.TestPlatform.Extensions.EventLogCollector: Searching in: 'C:\Program Files\dotnet\sdk\8.0.300\Extensions'.
TpTrace Information: 0 : 21588, 1, 2024/08/08, 11:03:58.808, 20376418054821, datacollector.dll, AssemblyResolver.OnResolve: Microsoft.TestPlatform.Extensions.EventLogCollector: Loading assembly 'C:\Program Files\dotnet\sdk\8.0.300\Extensions\Microsoft.TestPlatform.Extensions.EventLogCollector.dll'.
TpTrace Information: 0 : 21588, 1, 2024/08/08, 11:03:58.809, 20376418065247, datacollector.dll, AssemblyResolver.OnResolve: Resolved assembly: Microsoft.TestPlatform.Extensions.EventLogCollector, from path: C:\Program Files\dotnet\sdk\8.0.300\Extensions\Microsoft.TestPlatform.Extensions.EventLogCollector.dll
TpTrace Verbose: 0 : 21588, 1, 2024/08/08, 11:03:58.809, 20376418066991, datacollector.dll, MetadataReaderExtensionsHelper: Discovering extensions inside assembly 'Microsoft.TestPlatform.Extensions.EventLogCollector, Version=15.0.0.0, Culture=neutral, PublicKeyToken=b03f5f7f11d50a3a' file path 'C:\Program Files\dotnet\sdk\8.0.300\Extensions\Microsoft.TestPlatform.Extensions.EventLogCollector.dll'
TpTrace Error: 0 : 21588, 1, 2024/08/08, 11:03:58.813, 20376418111927, datacollector.dll, The type "Microsoft.TestPlatform.Extensions.EventLogCollector.EventLogDataCollector" defined in "Microsoft.TestPlatform.Extensions.EventLogCollector.dll" does not have ExtensionUri attribute.
TpTrace Information: 0 : 21588, 1, 2024/08/08, 11:03:58.814, 20376418115336, datacollector.dll, GetTestExtensionFromType: Register extension with identifier data 'datacollector://microsoft/EventLog/2.0' and type 'Microsoft.TestPlatform.Extensions.EventLogCollector.EventLogDataCollector, Microsoft.TestPlatform.Extensions.EventLogCollector, Version=15.0.0.0, Culture=neutral, PublicKeyToken=b03f5f7f11d50a3a' inside file 'C:\Program Files\dotnet\sdk\8.0.300\Extensions\Microsoft.TestPlatform.Extensions.EventLogCollector.dll'
TpTrace Verbose: 0 : 21588, 1, 2024/08/08, 11:03:58.814, 20376418118808, datacollector.dll, TestPluginCache: Discovered the extensions using extension path 'C:\Program Files\dotnet\sdk\8.0.300\Extensions\Microsoft.TestPlatform.Extensions.BlameDataCollector.dll,C:\Program Files\dotnet\sdk\8.0.300\Extensions\Microsoft.TestPlatform.Extensions.EventLogCollector.dll'.
TpTrace Verbose: 0 : 21588, 1, 2024/08/08, 11:03:58.814, 20376418119720, datacollector.dll, TestPluginCache: Discoverers are ''.
TpTrace Verbose: 0 : 21588, 1, 2024/08/08, 11:03:58.814, 20376418120344, datacollector.dll, TestPluginCache: Executors are ''.
TpTrace Verbose: 0 : 21588, 1, 2024/08/08, 11:03:58.814, 20376418120993, datacollector.dll, TestPluginCache: Executors2 are ''.
TpTrace Verbose: 0 : 21588, 1, 2024/08/08, 11:03:58.814, 20376418121727, datacollector.dll, TestPluginCache: Setting providers are ''.
TpTrace Verbose: 0 : 21588, 1, 2024/08/08, 11:03:58.814, 20376418122308, datacollector.dll, TestPluginCache: Loggers are ''.
TpTrace Verbose: 0 : 21588, 1, 2024/08/08, 11:03:58.814, 20376418122870, datacollector.dll, TestPluginCache: TestHosts are ''.
TpTrace Verbose: 0 : 21588, 1, 2024/08/08, 11:03:58.815, 20376418126184, datacollector.dll, TestPluginCache: DataCollectors are 'datacollector://microsoft/TestPlatform/Extensions/Blame/v1,datacollector://microsoft/EventLog/2.0'.
TpTrace Information: 0 : 21588, 1, 2024/08/08, 11:03:58.817, 20376418151568, datacollector.dll, TestPluginManager.CreateTestExtension: Attempting to load test extension: Microsoft.TestPlatform.Extensions.BlameDataCollector.BlameCollector
TpTrace Information: 0 : 21588, 1, 2024/08/08, 11:03:58.823, 20376418208122, datacollector.dll, [MonitorPostmortemDump]Monitor enabled: 'False'
TpTrace Verbose: 0 : 21588, 1, 2024/08/08, 11:03:58.824, 20376418218962, datacollector.dll, MulticastDelegateUtilities.SafeInvoke: DataCollectionEvents.SessionStart: Invoking callbacks was skipped because there are no subscribers.
TpTrace Information: 0 : 21588, 1, 2024/08/08, 11:03:58.825, 20376418226907, datacollector.dll, Listening on Endpoint : 127.0.0.1:52987
TpTrace Information: 0 : 21588, 1, 2024/08/08, 11:03:58.836, 20376418336995, datacollector.dll, DataCollectionRequestHandler.ProcessRequests : DataCollection started.
TpTrace Information: 0 : 21588, 1, 2024/08/08, 11:03:58.855, 20376418530428, datacollector.dll, DataCollectionRequestHandler.ProcessRequests: Datacollector received message: (DataCollection.TestHostLaunched) -> {"MessageType":"DataCollection.TestHostLaunched","Payload":{"ProcessId":14708}}
TpTrace Verbose: 0 : 21588, 1, 2024/08/08, 11:03:58.859, 20376418564654, datacollector.dll, MulticastDelegateUtilities.SafeInvoke: DataCollectionEvents.TestHostLaunched: Invoking callback 1/1 for Microsoft.TestPlatform.Extensions.BlameDataCollector.BlameCollector., took 0 ms.
TpTrace Information: 0 : 21588, 6, 2024/08/08, 11:03:59.087, 20376420850451, datacollector.dll, Using the buffer size of 16384 bytes
TpTrace Verbose: 0 : 21588, 8, 2024/08/08, 11:03:59.087, 20376420850770, datacollector.dll, SocketCommunicationManager.WaitForClientConnection took: 257 ms, with 90000 ms timeout, and finished with True.
TpTrace Information: 0 : 21588, 6, 2024/08/08, 11:03:59.087, 20376420852436, datacollector.dll, Accepted Client request and set the flag
TpTrace Information: 0 : 21588, 8, 2024/08/08, 11:04:00.003, 20376430004388, datacollector.dll, DataCollectionTestCaseEventHandler: Test case starting.
TpTrace Information: 0 : 21588, 8, 2024/08/08, 11:04:00.033, 20376430305257, datacollector.dll, BlameCollector.EventsTestCaseStart: Test Case Start
TpTrace Verbose: 0 : 21588, 8, 2024/08/08, 11:04:00.033, 20376430311081, datacollector.dll, MulticastDelegateUtilities.SafeInvoke: DataCollectionEvents.TestCaseStart: Invoking callback 1/1 for Microsoft.TestPlatform.Extensions.BlameDataCollector.BlameCollector., took 0 ms.
TpTrace Information: 0 : 21588, 8, 2024/08/08, 11:04:00.034, 20376430316432, datacollector.dll, DataCollectionTestCaseEventHandler: Test case 'tC01IfUserIsInvalidTryAgain - 4887b2d6-3458-8ba3-ea1b-7f89025ff9e0' started.
TpTrace Information: 0 : 21588, 8, 2024/08/08, 11:04:05.889, 20376488869444, datacollector.dll, DataCollectionTestCaseEventHandler: Test case completing.
TpTrace Information: 0 : 21588, 8, 2024/08/08, 11:04:05.898, 20376488960033, datacollector.dll, BlameCollector.EventsTestCaseEnd: Test Case End
TpTrace Verbose: 0 : 21588, 8, 2024/08/08, 11:04:05.898, 20376488963798, datacollector.dll, MulticastDelegateUtilities.SafeInvoke: DataCollectionEvents.TestCaseEnd: Invoking callback 1/1 for Microsoft.TestPlatform.Extensions.BlameDataCollector.BlameCollector., took 0 ms.
TpTrace Information: 0 : 21588, 8, 2024/08/08, 11:04:05.901, 20376488993064, datacollector.dll, DataCollectionTestCaseEventHandler: Test case 'tC01IfUserIsInvalidTryAgain - 4887b2d6-3458-8ba3-ea1b-7f89025ff9e0' completed
TpTrace Information: 0 : 21588, 8, 2024/08/08, 11:04:05.936, 20376489340805, datacollector.dll, DataCollectionTestCaseEventHandler: Test session ended
TpTrace Information: 0 : 21588, 1, 2024/08/08, 11:04:06.020, 20376490174575, datacollector.dll, DataCollectionRequestHandler.ProcessRequests: Datacollector received message: (DataCollection.AfterTestRunEnd) -> {"MessageType":"DataCollection.AfterTestRunEnd","Payload":false}
TpTrace Information: 0 : 21588, 1, 2024/08/08, 11:04:06.021, 20376490187872, datacollector.dll, Blame Collector: Session End
TpTrace Information: 0 : 21588, 1, 2024/08/08, 11:04:06.021, 20376490189240, datacollector.dll, BlameCollector.CollectDumpAndAbortTesthost: Custom path to dump directory was provided via VSTEST_DUMP_PATH. Skipping attachment upload, the caller is responsible for collecting and uploading the dumps themselves.
TpTrace Verbose: 0 : 21588, 1, 2024/08/08, 11:04:06.021, 20376490190853, datacollector.dll, MulticastDelegateUtilities.SafeInvoke: DataCollectionEvents.SessionEnd: Invoking callback 1/1 for Microsoft.TestPlatform.Extensions.BlameDataCollector.BlameCollector., took 0 ms.
TpTrace Information: 0 : 21588, 1, 2024/08/08, 11:04:06.022, 20376490198870, datacollector.dll, DataCollectionManager.CleanupPlugins: CleanupPlugins called
TpTrace Verbose: 0 : 21588, 1, 2024/08/08, 11:04:06.022, 20376490199887, datacollector.dll, DataCollectionManager.CleanupPlugins: Cleaning up 1 plugins
TpTrace Verbose: 0 : 21588, 1, 2024/08/08, 11:04:06.022, 20376490201685, datacollector.dll, dataCollectorInfo.DisposeDataCollector: calling Dispose() on Microsoft.TestPlatform.Extensions.BlameDataCollector.BlameCollector
TpTrace Information: 0 : 21588, 1, 2024/08/08, 11:04:06.022, 20376490202983, datacollector.dll, DataCollectionManager.CleanupPlugins: CleanupPlugins finished
TpTrace Information: 0 : 21588, 1, 2024/08/08, 11:04:06.029, 20376490265748, datacollector.dll, DataCollectionRequestHandler.ProcessRequests : Session End message received from server. Closing the connection.
TpTrace Information: 0 : 21588, 1, 2024/08/08, 11:04:06.029, 20376490270402, datacollector.dll, Closing the connection !
TpTrace Information: 0 : 21588, 1, 2024/08/08, 11:04:06.029, 20376490271883, datacollector.dll, DataCollectionRequestHandler.ProcessRequests : DataCollection completed
TpTrace Information: 0 : 21588, 1, 2024/08/08, 11:04:06.029, 20376490273105, datacollector.dll, Program.Main: exiting datacollector process.
