TpTrace Verbose: 0 : 6508, 1, 2024/08/09, 15:23:19.276, 721891031481, datacollector.dll, Version: 17.10.0-release-24203-04
TpTrace Information: 0 : 6508, 1, 2024/08/09, 15:23:19.600, 721894274575, datacollector.dll, DataCollectorMain.Run: Starting data collector run with args: --port,55133,--parentprocessid,7380,--diag,C:\Users\PC\Desktop\1-SeleniumIDE\2-SeleniumIDE\SeleniumIDE\bin\Debug\net6.0\fine-code-coverage\coverage-tool-output\diagnostics.datacollector.24-08-09_15-23-15_10780_5.log,--tracelevel,4
TpTrace Information: 0 : 6508, 1, 2024/08/09, 15:23:19.602, 721894296530, datacollector.dll, DataCollector: Monitoring parent process with id: '7380'
TpTrace Information: 0 : 6508, 1, 2024/08/09, 15:23:20.630, 721904574053, datacollector.dll, Trying to connect to server on socket : 127.0.0.1:55133 
TpTrace Verbose: 0 : 6508, 1, 2024/08/09, 15:23:21.093, 721909204376, datacollector.dll, SocketCommunicationManager : SetupClientAsync : Attempting to connect to the server.
TpTrace Information: 0 : 6508, 6, 2024/08/09, 15:23:21.669, 721914967058, datacollector.dll, Connected to the server successfully 
TpTrace Information: 0 : 6508, 6, 2024/08/09, 15:23:21.671, 721914986097, datacollector.dll, Using the buffer size of 16384 bytes
TpTrace Information: 0 : 6508, 1, 2024/08/09, 15:23:25.293, 721951198922, datacollector.dll, DataCollector: Start Request Processing.
TpTrace Verbose: 0 : 6508, 1, 2024/08/09, 15:23:25.296, 721951228575, datacollector.dll, SocketCommunicationManager.WaitForServerConnection took: 0 ms, with 90000 ms timeout, and finished with True.
TpTrace Information: 0 : 6508, 1, 2024/08/09, 15:23:25.306, 721951330323, datacollector.dll, DataCollectionRequestHandler.ProcessRequests: Datacollector received message: (DataCollection.BeforeTestRunStart) -> {"MessageType":"DataCollection.BeforeTestRunStart","Payload":{"SettingsXml":"<RunSettings><RunConfiguration><ResultsDirectory>C:\\Users\\PC\\Desktop\\1-SeleniumIDE\\2-SeleniumIDE\\SeleniumIDE\\bin\\Debug\\net6.0\\fine-code-coverage\\coverage-tool-output</ResultsDirectory><TargetPlatform>X64</TargetPlatform><TargetFrameworkVersion>.NETCoreApp,Version=v6.0</TargetFrameworkVersion><DesignMode>False</DesignMode><CollectSourceInformation>False</CollectSourceInformation><TestAdaptersPaths>C:\\Program Files\\dotnet\\sdk\\8.0.300\\Extensions</TestAdaptersPaths></RunConfiguration><LoggerRunSettings><Loggers><Logger friendlyName=\"blame\" enabled=\"True\" /><Logger friendlyName=\"Console\" uri=\"logger://microsoft/TestPlatform/ConsoleLogger/v1\" assemblyQualifiedName=\"Microsoft.VisualStudio.TestPlatform.CommandLine.Internal.ConsoleLogger, vstest.console, Version=15.0.0.0, Culture=neutral, PublicKeyToken=b03f5f7f11d50a3a\" codeBase=\"C:\\Program Files\\dotnet\\sdk\\8.0.300\\vstest.console.dll\" enabled=\"True\" /></Loggers></LoggerRunSettings><DataCollectionRunSettings><DataCollectors><DataCollector friendlyName=\"blame\" enabled=\"True\"><Configuration><ResultsDirectory>C:\\Users\\PC\\Desktop\\1-SeleniumIDE\\2-SeleniumIDE\\SeleniumIDE\\bin\\Debug\\net6.0\\fine-code-coverage\\coverage-tool-output</ResultsDirectory></Configuration></DataCollector></DataCollectors></DataCollectionRunSettings></RunSettings>","Sources":["C:\\Users\\PC\\Desktop\\1-SeleniumIDE\\2-SeleniumIDE\\SeleniumIDE\\bin\\Debug\\net6.0\\fine-code-coverage\\build-output\\SeleniumIde.dll"],"IsTelemetryOptedIn":false}}
TpTrace Verbose: 0 : 6508, 1, 2024/08/09, 15:23:27.010, 721968377042, datacollector.dll, TestPluginCache: Update extensions started. Skip filter = False
TpTrace Verbose: 0 : 6508, 1, 2024/08/09, 15:23:27.026, 721968530028, datacollector.dll, TestPluginCache: Using directories for assembly resolution 'C:\Program Files\dotnet\sdk\8.0.300\Extensions'.
TpTrace Verbose: 0 : 6508, 1, 2024/08/09, 15:23:27.027, 721968547120, datacollector.dll, TestPluginCache: Updated the available extensions to 'C:\Program Files\dotnet\sdk\8.0.300\Extensions\Microsoft.TestPlatform.Extensions.BlameDataCollector.dll,C:\Program Files\dotnet\sdk\8.0.300\Extensions\Microsoft.TestPlatform.Extensions.EventLogCollector.dll'.
TpTrace Verbose: 0 : 6508, 1, 2024/08/09, 15:23:27.690, 721975173407, datacollector.dll, TestPluginCache.DiscoverTestExtensions: finding test extensions in assemblies ends with: Collector.dll TPluginInfo: Microsoft.VisualStudio.TestPlatform.Common.DataCollector.DataCollectorConfig TExtension: Microsoft.VisualStudio.TestPlatform.ObjectModel.DataCollection.DataCollector
TpTrace Verbose: 0 : 6508, 1, 2024/08/09, 15:23:27.717, 721975444999, datacollector.dll, TestPluginCache.GetExtensionPaths: Filtered extension paths: C:\Program Files\dotnet\sdk\8.0.300\Extensions\Microsoft.TestPlatform.Extensions.BlameDataCollector.dll
C:\Program Files\dotnet\sdk\8.0.300\Extensions\Microsoft.TestPlatform.Extensions.EventLogCollector.dll
TpTrace Verbose: 0 : 6508, 1, 2024/08/09, 15:23:27.719, 721975462537, datacollector.dll, TestPluginCache.GetExtensionPaths: Added default extension paths: 
TpTrace Verbose: 0 : 6508, 1, 2024/08/09, 15:23:27.720, 721975471255, datacollector.dll, TestPluginCache.GetExtensionPaths: Added unfilterableExtensionPaths: 
TpTrace Information: 0 : 6508, 1, 2024/08/09, 15:23:27.729, 721975566224, datacollector.dll, AssemblyResolver.ctor: Creating AssemblyResolver with searchDirectories C:\Program Files\dotnet\sdk\8.0.300\Extensions,C:\Program Files\dotnet\sdk\8.0.300
TpTrace Verbose: 0 : 6508, 1, 2024/08/09, 15:23:27.878, 721977055440, datacollector.dll, TestPluginCache.DiscoverTestExtensions: Discovering the extensions using extension path.
TpTrace Verbose: 0 : 6508, 1, 2024/08/09, 15:23:27.886, 721977128053, datacollector.dll, TestPluginCache.GetExtensionPaths: Filtered extension paths: C:\Program Files\dotnet\sdk\8.0.300\Extensions\Microsoft.TestPlatform.Extensions.BlameDataCollector.dll
C:\Program Files\dotnet\sdk\8.0.300\Extensions\Microsoft.TestPlatform.Extensions.EventLogCollector.dll
TpTrace Verbose: 0 : 6508, 1, 2024/08/09, 15:23:27.887, 721977141792, datacollector.dll, TestPluginCache.GetExtensionPaths: Added default extension paths: 
TpTrace Verbose: 0 : 6508, 1, 2024/08/09, 15:23:27.888, 721977150090, datacollector.dll, TestPluginCache.GetExtensionPaths: Added unfilterableExtensionPaths: 
TpTrace Verbose: 0 : 6508, 1, 2024/08/09, 15:23:27.890, 721977170959, datacollector.dll, TestPluginCache.DiscoverTestExtensions: Discovering the extensions using allExtensionPaths: C:\Program Files\dotnet\sdk\8.0.300\Extensions\Microsoft.TestPlatform.Extensions.BlameDataCollector.dll
C:\Program Files\dotnet\sdk\8.0.300\Extensions\Microsoft.TestPlatform.Extensions.EventLogCollector.dll
TpTrace Information: 0 : 6508, 1, 2024/08/09, 15:23:27.892, 721977191759, datacollector.dll, AssemblyResolver.AddSearchDirectories: Adding more searchDirectories C:\Program Files\dotnet\sdk\8.0.300\Extensions,C:\Program Files\dotnet\sdk\8.0.300
TpTrace Information: 0 : 6508, 1, 2024/08/09, 15:23:27.893, 721977207098, datacollector.dll, AssemblyResolver.AddSearchDirectories: Adding more searchDirectories C:\Program Files\dotnet\sdk\8.0.300\Extensions,C:\Program Files\dotnet\sdk\8.0.300
TpTrace Information: 0 : 6508, 1, 2024/08/09, 15:23:27.901, 721977285596, datacollector.dll, AssemblyResolver.OnResolve: Microsoft.TestPlatform.Extensions.BlameDataCollector: Resolving assembly.
TpTrace Information: 0 : 6508, 1, 2024/08/09, 15:23:27.903, 721977300580, datacollector.dll, AssemblyResolver.OnResolve: Microsoft.TestPlatform.Extensions.BlameDataCollector: Searching in: 'C:\Program Files\dotnet\sdk\8.0.300\Extensions'.
TpTrace Information: 0 : 6508, 1, 2024/08/09, 15:23:32.393, 722022198259, datacollector.dll, AssemblyResolver.OnResolve: Microsoft.TestPlatform.Extensions.BlameDataCollector: Loading assembly 'C:\Program Files\dotnet\sdk\8.0.300\Extensions\Microsoft.TestPlatform.Extensions.BlameDataCollector.dll'.
TpTrace Information: 0 : 6508, 1, 2024/08/09, 15:23:32.619, 722024459576, datacollector.dll, AssemblyResolver.OnResolve: Resolved assembly: Microsoft.TestPlatform.Extensions.BlameDataCollector, from path: C:\Program Files\dotnet\sdk\8.0.300\Extensions\Microsoft.TestPlatform.Extensions.BlameDataCollector.dll
TpTrace Verbose: 0 : 6508, 1, 2024/08/09, 15:23:32.830, 722026571085, datacollector.dll, MetadataReaderExtensionsHelper: Discovering extensions inside assembly 'Microsoft.TestPlatform.Extensions.BlameDataCollector, Version=15.0.0.0, Culture=neutral, PublicKeyToken=b03f5f7f11d50a3a' file path 'C:\Program Files\dotnet\sdk\8.0.300\Extensions\Microsoft.TestPlatform.Extensions.BlameDataCollector.dll'
TpTrace Error: 0 : 6508, 1, 2024/08/09, 15:23:32.981, 722028081841, datacollector.dll, The type "Microsoft.TestPlatform.Extensions.BlameDataCollector.BlameCollector" defined in "Microsoft.TestPlatform.Extensions.BlameDataCollector.dll" does not have ExtensionUri attribute.
TpTrace Information: 0 : 6508, 1, 2024/08/09, 15:23:33.192, 722030189600, datacollector.dll, GetTestExtensionFromType: Register extension with identifier data 'datacollector://microsoft/TestPlatform/Extensions/Blame/v1' and type 'Microsoft.TestPlatform.Extensions.BlameDataCollector.BlameCollector, Microsoft.TestPlatform.Extensions.BlameDataCollector, Version=15.0.0.0, Culture=neutral, PublicKeyToken=b03f5f7f11d50a3a' inside file 'C:\Program Files\dotnet\sdk\8.0.300\Extensions\Microsoft.TestPlatform.Extensions.BlameDataCollector.dll'
TpTrace Information: 0 : 6508, 1, 2024/08/09, 15:23:33.195, 722030222652, datacollector.dll, AssemblyResolver.OnResolve: Microsoft.TestPlatform.Extensions.EventLogCollector: Resolving assembly.
TpTrace Information: 0 : 6508, 1, 2024/08/09, 15:23:33.197, 722030239782, datacollector.dll, AssemblyResolver.OnResolve: Microsoft.TestPlatform.Extensions.EventLogCollector: Searching in: 'C:\Program Files\dotnet\sdk\8.0.300\Extensions'.
TpTrace Information: 0 : 6508, 1, 2024/08/09, 15:23:33.486, 722033131145, datacollector.dll, AssemblyResolver.OnResolve: Microsoft.TestPlatform.Extensions.EventLogCollector: Loading assembly 'C:\Program Files\dotnet\sdk\8.0.300\Extensions\Microsoft.TestPlatform.Extensions.EventLogCollector.dll'.
TpTrace Information: 0 : 6508, 1, 2024/08/09, 15:23:33.695, 722035222647, datacollector.dll, AssemblyResolver.OnResolve: Resolved assembly: Microsoft.TestPlatform.Extensions.EventLogCollector, from path: C:\Program Files\dotnet\sdk\8.0.300\Extensions\Microsoft.TestPlatform.Extensions.EventLogCollector.dll
TpTrace Verbose: 0 : 6508, 1, 2024/08/09, 15:23:33.698, 722035249748, datacollector.dll, MetadataReaderExtensionsHelper: Discovering extensions inside assembly 'Microsoft.TestPlatform.Extensions.EventLogCollector, Version=15.0.0.0, Culture=neutral, PublicKeyToken=b03f5f7f11d50a3a' file path 'C:\Program Files\dotnet\sdk\8.0.300\Extensions\Microsoft.TestPlatform.Extensions.EventLogCollector.dll'
TpTrace Error: 0 : 6508, 1, 2024/08/09, 15:23:34.663, 722044903611, datacollector.dll, The type "Microsoft.TestPlatform.Extensions.EventLogCollector.EventLogDataCollector" defined in "Microsoft.TestPlatform.Extensions.EventLogCollector.dll" does not have ExtensionUri attribute.
TpTrace Information: 0 : 6508, 1, 2024/08/09, 15:23:34.668, 722044947452, datacollector.dll, GetTestExtensionFromType: Register extension with identifier data 'datacollector://microsoft/EventLog/2.0' and type 'Microsoft.TestPlatform.Extensions.EventLogCollector.EventLogDataCollector, Microsoft.TestPlatform.Extensions.EventLogCollector, Version=15.0.0.0, Culture=neutral, PublicKeyToken=b03f5f7f11d50a3a' inside file 'C:\Program Files\dotnet\sdk\8.0.300\Extensions\Microsoft.TestPlatform.Extensions.EventLogCollector.dll'
TpTrace Verbose: 0 : 6508, 1, 2024/08/09, 15:23:34.672, 722044988733, datacollector.dll, TestPluginCache: Discovered the extensions using extension path 'C:\Program Files\dotnet\sdk\8.0.300\Extensions\Microsoft.TestPlatform.Extensions.BlameDataCollector.dll,C:\Program Files\dotnet\sdk\8.0.300\Extensions\Microsoft.TestPlatform.Extensions.EventLogCollector.dll'.
TpTrace Verbose: 0 : 6508, 1, 2024/08/09, 15:23:34.675, 722045019642, datacollector.dll, TestPluginCache: Discoverers are ''.
TpTrace Verbose: 0 : 6508, 1, 2024/08/09, 15:23:34.676, 722045030206, datacollector.dll, TestPluginCache: Executors are ''.
TpTrace Verbose: 0 : 6508, 1, 2024/08/09, 15:23:34.676, 722045034401, datacollector.dll, TestPluginCache: Executors2 are ''.
TpTrace Verbose: 0 : 6508, 1, 2024/08/09, 15:23:34.677, 722045043514, datacollector.dll, TestPluginCache: Setting providers are ''.
TpTrace Verbose: 0 : 6508, 1, 2024/08/09, 15:23:34.678, 722045050957, datacollector.dll, TestPluginCache: Loggers are ''.
TpTrace Verbose: 0 : 6508, 1, 2024/08/09, 15:23:34.679, 722045061731, datacollector.dll, TestPluginCache: TestHosts are ''.
TpTrace Verbose: 0 : 6508, 1, 2024/08/09, 15:23:34.683, 722045099156, datacollector.dll, TestPluginCache: DataCollectors are 'datacollector://microsoft/TestPlatform/Extensions/Blame/v1,datacollector://microsoft/EventLog/2.0'.
TpTrace Information: 0 : 6508, 1, 2024/08/09, 15:23:34.738, 722045656586, datacollector.dll, TestPluginManager.CreateTestExtension: Attempting to load test extension: Microsoft.TestPlatform.Extensions.BlameDataCollector.BlameCollector
TpTrace Information: 0 : 6508, 1, 2024/08/09, 15:23:35.088, 722049150244, datacollector.dll, [MonitorPostmortemDump]Monitor enabled: 'False'
TpTrace Verbose: 0 : 6508, 1, 2024/08/09, 15:23:35.104, 722049311079, datacollector.dll, MulticastDelegateUtilities.SafeInvoke: DataCollectionEvents.SessionStart: Invoking callbacks was skipped because there are no subscribers.
TpTrace Information: 0 : 6508, 1, 2024/08/09, 15:23:35.114, 722049415158, datacollector.dll, Listening on Endpoint : 127.0.0.1:55149
TpTrace Information: 0 : 6508, 1, 2024/08/09, 15:23:35.362, 722051896983, datacollector.dll, DataCollectionRequestHandler.ProcessRequests : DataCollection started.
TpTrace Information: 0 : 6508, 1, 2024/08/09, 15:23:35.633, 722054604734, datacollector.dll, DataCollectionRequestHandler.ProcessRequests: Datacollector received message: (DataCollection.TestHostLaunched) -> {"MessageType":"DataCollection.TestHostLaunched","Payload":{"ProcessId":12860}}
TpTrace Verbose: 0 : 6508, 1, 2024/08/09, 15:23:35.637, 722054646102, datacollector.dll, MulticastDelegateUtilities.SafeInvoke: DataCollectionEvents.TestHostLaunched: Invoking callback 1/1 for Microsoft.TestPlatform.Extensions.BlameDataCollector.BlameCollector., took 0 ms.
TpTrace Verbose: 0 : 6508, 7, 2024/08/09, 15:23:41.567, 722113937936, datacollector.dll, SocketCommunicationManager.WaitForClientConnection took: 6181 ms, with 90000 ms timeout, and finished with True.
TpTrace Information: 0 : 6508, 6, 2024/08/09, 15:23:41.567, 722113943683, datacollector.dll, Using the buffer size of 16384 bytes
TpTrace Information: 0 : 6508, 6, 2024/08/09, 15:23:41.568, 722113953214, datacollector.dll, Accepted Client request and set the flag
TpTrace Information: 0 : 6508, 7, 2024/08/09, 15:24:07.971, 722377980861, datacollector.dll, DataCollectionTestCaseEventHandler: Test case starting.
TpTrace Information: 0 : 6508, 7, 2024/08/09, 15:24:08.025, 722378519757, datacollector.dll, BlameCollector.EventsTestCaseStart: Test Case Start
TpTrace Verbose: 0 : 6508, 7, 2024/08/09, 15:24:08.025, 722378526067, datacollector.dll, MulticastDelegateUtilities.SafeInvoke: DataCollectionEvents.TestCaseStart: Invoking callback 1/1 for Microsoft.TestPlatform.Extensions.BlameDataCollector.BlameCollector., took 0 ms.
TpTrace Information: 0 : 6508, 7, 2024/08/09, 15:24:08.026, 722378533111, datacollector.dll, DataCollectionTestCaseEventHandler: Test case 'tC01IfUserIsInvalidTryAgain - 4887b2d6-3458-8ba3-ea1b-7f89025ff9e0' started.
TpTrace Information: 0 : 6508, 7, 2024/08/09, 15:25:15.241, 723050682915, datacollector.dll, DataCollectionTestCaseEventHandler: Test case completing.
TpTrace Information: 0 : 6508, 7, 2024/08/09, 15:25:15.252, 723050792778, datacollector.dll, BlameCollector.EventsTestCaseEnd: Test Case End
TpTrace Verbose: 0 : 6508, 7, 2024/08/09, 15:25:15.253, 723050798460, datacollector.dll, MulticastDelegateUtilities.SafeInvoke: DataCollectionEvents.TestCaseEnd: Invoking callback 1/1 for Microsoft.TestPlatform.Extensions.BlameDataCollector.BlameCollector., took 0 ms.
TpTrace Information: 0 : 6508, 7, 2024/08/09, 15:25:15.257, 723050843667, datacollector.dll, DataCollectionTestCaseEventHandler: Test case 'tC01IfUserIsInvalidTryAgain - 4887b2d6-3458-8ba3-ea1b-7f89025ff9e0' completed
TpTrace Information: 0 : 6508, 7, 2024/08/09, 15:25:16.460, 723062871451, datacollector.dll, DataCollectionTestCaseEventHandler: Test session ended
TpTrace Information: 0 : 6508, 1, 2024/08/09, 15:25:19.526, 723093527925, datacollector.dll, DataCollectionRequestHandler.ProcessRequests: Datacollector received message: (DataCollection.AfterTestRunEnd) -> {"MessageType":"DataCollection.AfterTestRunEnd","Payload":false}
TpTrace Information: 0 : 6508, 1, 2024/08/09, 15:25:19.528, 723093547400, datacollector.dll, Blame Collector: Session End
TpTrace Information: 0 : 6508, 1, 2024/08/09, 15:25:19.528, 723093549091, datacollector.dll, BlameCollector.CollectDumpAndAbortTesthost: Custom path to dump directory was provided via VSTEST_DUMP_PATH. Skipping attachment upload, the caller is responsible for collecting and uploading the dumps themselves.
TpTrace Verbose: 0 : 6508, 1, 2024/08/09, 15:25:19.528, 723093551178, datacollector.dll, MulticastDelegateUtilities.SafeInvoke: DataCollectionEvents.SessionEnd: Invoking callback 1/1 for Microsoft.TestPlatform.Extensions.BlameDataCollector.BlameCollector., took 0 ms.
TpTrace Information: 0 : 6508, 1, 2024/08/09, 15:25:19.529, 723093566917, datacollector.dll, DataCollectionManager.CleanupPlugins: CleanupPlugins called
TpTrace Verbose: 0 : 6508, 1, 2024/08/09, 15:25:19.530, 723093568880, datacollector.dll, DataCollectionManager.CleanupPlugins: Cleaning up 1 plugins
TpTrace Verbose: 0 : 6508, 1, 2024/08/09, 15:25:19.530, 723093571786, datacollector.dll, dataCollectorInfo.DisposeDataCollector: calling Dispose() on Microsoft.TestPlatform.Extensions.BlameDataCollector.BlameCollector
TpTrace Information: 0 : 6508, 1, 2024/08/09, 15:25:19.530, 723093573951, datacollector.dll, DataCollectionManager.CleanupPlugins: CleanupPlugins finished
TpTrace Information: 0 : 6508, 1, 2024/08/09, 15:25:19.540, 723093674592, datacollector.dll, DataCollectionRequestHandler.ProcessRequests : Session End message received from server. Closing the connection.
TpTrace Information: 0 : 6508, 1, 2024/08/09, 15:25:19.541, 723093678796, datacollector.dll, Closing the connection !
TpTrace Information: 0 : 6508, 1, 2024/08/09, 15:25:19.541, 723093680007, datacollector.dll, DataCollectionRequestHandler.ProcessRequests : DataCollection completed
TpTrace Information: 0 : 6508, 1, 2024/08/09, 15:25:19.541, 723093681032, datacollector.dll, Program.Main: exiting datacollector process.
